[2024-05-28T14:16:10.916882+08:00] phpCAS.INFO: 19EB .START (2024-05-28 14:16:10) phpCAS-1.6.1 ****************** [CAS.php:468] [] []
[2024-05-28T14:16:11.670677+08:00] phpCAS.INFO: 742F .START (2024-05-28 14:16:11) phpCAS-1.6.1 ****************** [CAS.php:468] [] []
[2024-05-28T14:17:32.011287+08:00] phpCAS.INFO: 00CE .START (2024-05-28 14:17:32) phpCAS-1.6.1 ****************** [CAS.php:468] [] []
[2024-05-28T14:17:32.013836+08:00] phpCAS.INFO: 00CE .=> phpCAS::client('S1', 'cas.iium.edu.my', 8448, '/cas', 'http://myadmin.iium/') [LoginCas.php:63] [] []
[2024-05-28T14:17:32.015402+08:00] phpCAS.INFO: 00CE .|    => CAS_Client::__construct('S1', false, 'cas.iium.edu.my', 8448, '/cas', 'http://myadmin.iium/', true, CAS_Session_PhpSession) [CAS.php:369] [] []
[2024-05-28T14:17:32.017103+08:00] phpCAS.INFO: 00CE .|    |    Session is not authenticated [Client.php:982] [] []
[2024-05-28T14:17:32.017314+08:00] phpCAS.INFO: 00CE .|    <= '' [] []
[2024-05-28T14:17:32.017366+08:00] phpCAS.INFO: 00CE .<= '' [] []
[2024-05-28T14:17:32.017412+08:00] phpCAS.INFO: 00CE .=> phpCAS::setCasServerCACert('C:/laragon/etc/ssl/ssl-bundle.crt') [LoginCas.php:64] [] []
[2024-05-28T14:17:32.018012+08:00] phpCAS.INFO: 00CE .|    => phpCAS::error('CAS_InvalidArgumentException: Certificate file does not exist CAS_Request_CurlRequest') [CAS.php:1689] [] []
[2024-05-28T14:17:32.018079+08:00] phpCAS.INFO: 00CE .|    |    CAS_InvalidArgumentException: Certificate file does not exist CAS_Request_CurlRequest in C:\xampp\htdocs\mou_moa\common\models\LoginCas.phpon line 64 [CAS.php:614] [] []
[2024-05-28T14:17:32.018115+08:00] phpCAS.INFO: 00CE .|    <= '' [] []
[2024-05-28T14:17:32.576190+08:00] phpCAS.INFO: 6BD0 .START (2024-05-28 14:17:32) phpCAS-1.6.1 ****************** [CAS.php:468] [] []
[2024-05-28T14:17:32.578205+08:00] phpCAS.INFO: 6BD0 .=> phpCAS::client('S1', 'cas.iium.edu.my', 8448, '/cas', 'http://myadmin.iium/') [LoginCas.php:63] [] []
[2024-05-28T14:17:32.578793+08:00] phpCAS.INFO: 6BD0 .|    => CAS_Client::__construct('S1', false, 'cas.iium.edu.my', 8448, '/cas', 'http://myadmin.iium/', true, CAS_Session_PhpSession) [CAS.php:369] [] []
[2024-05-28T14:17:32.578863+08:00] phpCAS.INFO: 6BD0 .|    |    Session is not authenticated [Client.php:982] [] []
[2024-05-28T14:17:32.578921+08:00] phpCAS.INFO: 6BD0 .|    <= '' [] []
[2024-05-28T14:17:32.578958+08:00] phpCAS.INFO: 6BD0 .<= '' [] []
[2024-05-28T14:17:32.578998+08:00] phpCAS.INFO: 6BD0 .=> phpCAS::setCasServerCACert('C:/laragon/etc/ssl/ssl-bundle.crt') [LoginCas.php:64] [] []
[2024-05-28T14:17:32.579277+08:00] phpCAS.INFO: 6BD0 .|    => phpCAS::error('CAS_InvalidArgumentException: Certificate file does not exist CAS_Request_CurlRequest') [CAS.php:1689] [] []
[2024-05-28T14:17:32.579342+08:00] phpCAS.INFO: 6BD0 .|    |    CAS_InvalidArgumentException: Certificate file does not exist CAS_Request_CurlRequest in C:\xampp\htdocs\mou_moa\common\models\LoginCas.phpon line 64 [CAS.php:614] [] []
[2024-05-28T14:17:32.579387+08:00] phpCAS.INFO: 6BD0 .|    <= '' [] []
[2024-05-28T14:17:34.870140+08:00] phpCAS.INFO: 5CA5 .START (2024-05-28 14:17:34) phpCAS-1.6.1 ****************** [CAS.php:468] [] []
[2024-05-28T14:17:34.872016+08:00] phpCAS.INFO: 5CA5 .=> phpCAS::client('S1', 'cas.iium.edu.my', 8448, '/cas', 'http://myadmin.iium/') [LoginCas.php:63] [] []
[2024-05-28T14:17:34.872547+08:00] phpCAS.INFO: 5CA5 .|    => CAS_Client::__construct('S1', false, 'cas.iium.edu.my', 8448, '/cas', 'http://myadmin.iium/', true, CAS_Session_PhpSession) [CAS.php:369] [] []
[2024-05-28T14:17:34.872612+08:00] phpCAS.INFO: 5CA5 .|    |    Session is not authenticated [Client.php:982] [] []
[2024-05-28T14:17:34.872665+08:00] phpCAS.INFO: 5CA5 .|    <= '' [] []
[2024-05-28T14:17:34.872706+08:00] phpCAS.INFO: 5CA5 .<= '' [] []
[2024-05-28T14:17:34.872745+08:00] phpCAS.INFO: 5CA5 .=> phpCAS::setCasServerCACert('C:/laragon/etc/ssl/ssl-bundle.crt') [LoginCas.php:64] [] []
[2024-05-28T14:17:34.873012+08:00] phpCAS.INFO: 5CA5 .|    => phpCAS::error('CAS_InvalidArgumentException: Certificate file does not exist CAS_Request_CurlRequest') [CAS.php:1689] [] []
[2024-05-28T14:17:34.873107+08:00] phpCAS.INFO: 5CA5 .|    |    CAS_InvalidArgumentException: Certificate file does not exist CAS_Request_CurlRequest in C:\xampp\htdocs\mou_moa\common\models\LoginCas.phpon line 64 [CAS.php:614] [] []
[2024-05-28T14:17:34.873146+08:00] phpCAS.INFO: 5CA5 .|    <= '' [] []
[2024-05-28T14:17:50.930426+08:00] phpCAS.INFO: 74CD .START (2024-05-28 14:17:50) phpCAS-1.6.1 ****************** [CAS.php:468] [] []
[2024-05-28T14:17:50.933399+08:00] phpCAS.INFO: 74CD .=> phpCAS::client('S1', 'cas.iium.edu.my', 8448, '/cas', 'http://myadmin.iium/') [LoginCas.php:63] [] []
[2024-05-28T14:17:50.934720+08:00] phpCAS.INFO: 74CD .|    => CAS_Client::__construct('S1', false, 'cas.iium.edu.my', 8448, '/cas', 'http://myadmin.iium/', true, CAS_Session_PhpSession) [CAS.php:369] [] []
[2024-05-28T14:17:50.934804+08:00] phpCAS.INFO: 74CD .|    |    Session is not authenticated [Client.php:982] [] []
[2024-05-28T14:17:50.934970+08:00] phpCAS.INFO: 74CD .|    <= '' [] []
[2024-05-28T14:17:50.935016+08:00] phpCAS.INFO: 74CD .<= '' [] []
[2024-05-28T14:17:50.935060+08:00] phpCAS.INFO: 74CD .=> phpCAS::setCasServerCACert('C:/laragon/etc/ssl/ssl-bundle.crt') [LoginCas.php:64] [] []
[2024-05-28T14:17:50.935476+08:00] phpCAS.INFO: 74CD .|    => phpCAS::error('CAS_InvalidArgumentException: Certificate file does not exist CAS_Request_CurlRequest') [CAS.php:1689] [] []
[2024-05-28T14:17:50.935534+08:00] phpCAS.INFO: 74CD .|    |    CAS_InvalidArgumentException: Certificate file does not exist CAS_Request_CurlRequest in C:\xampp\htdocs\mou_moa\common\models\LoginCas.phpon line 64 [CAS.php:614] [] []
[2024-05-28T14:17:50.935573+08:00] phpCAS.INFO: 74CD .|    <= '' [] []
[2024-05-28T14:17:53.894288+08:00] phpCAS.INFO: 55BC .START (2024-05-28 14:17:53) phpCAS-1.6.1 ****************** [CAS.php:468] [] []
[2024-05-28T14:17:53.895846+08:00] phpCAS.INFO: 55BC .=> phpCAS::client('S1', 'cas.iium.edu.my', 8448, '/cas', 'http://myadmin.iium/') [LoginCas.php:63] [] []
[2024-05-28T14:17:53.896277+08:00] phpCAS.INFO: 55BC .|    => CAS_Client::__construct('S1', false, 'cas.iium.edu.my', 8448, '/cas', 'http://myadmin.iium/', true, CAS_Session_PhpSession) [CAS.php:369] [] []
[2024-05-28T14:17:53.896331+08:00] phpCAS.INFO: 55BC .|    |    Session is not authenticated [Client.php:982] [] []
[2024-05-28T14:17:53.896376+08:00] phpCAS.INFO: 55BC .|    <= '' [] []
[2024-05-28T14:17:53.896403+08:00] phpCAS.INFO: 55BC .<= '' [] []
[2024-05-28T14:17:53.896433+08:00] phpCAS.INFO: 55BC .=> phpCAS::setCasServerCACert('C:/laragon/etc/ssl/ssl-bundle.crt') [LoginCas.php:64] [] []
[2024-05-28T14:17:53.896719+08:00] phpCAS.INFO: 55BC .|    => phpCAS::error('CAS_InvalidArgumentException: Certificate file does not exist CAS_Request_CurlRequest') [CAS.php:1689] [] []
[2024-05-28T14:17:53.896811+08:00] phpCAS.INFO: 55BC .|    |    CAS_InvalidArgumentException: Certificate file does not exist CAS_Request_CurlRequest in C:\xampp\htdocs\mou_moa\common\models\LoginCas.phpon line 64 [CAS.php:614] [] []
[2024-05-28T14:17:53.896856+08:00] phpCAS.INFO: 55BC .|    <= '' [] []
[2024-05-28T14:17:59.513398+08:00] phpCAS.INFO: EA36 .START (2024-05-28 14:17:59) phpCAS-1.6.1 ****************** [CAS.php:468] [] []
[2024-05-28T14:17:59.516448+08:00] phpCAS.INFO: EA36 .=> phpCAS::client('S1', 'cas.iium.edu.my', 8448, '/cas', 'http://myadmin.iium/') [LoginCas.php:63] [] []
[2024-05-28T14:17:59.517059+08:00] phpCAS.INFO: EA36 .|    => CAS_Client::__construct('S1', false, 'cas.iium.edu.my', 8448, '/cas', 'http://myadmin.iium/', true, CAS_Session_PhpSession) [CAS.php:369] [] []
[2024-05-28T14:17:59.517132+08:00] phpCAS.INFO: EA36 .|    |    Session is not authenticated [Client.php:982] [] []
[2024-05-28T14:17:59.517194+08:00] phpCAS.INFO: EA36 .|    <= '' [] []
[2024-05-28T14:17:59.517231+08:00] phpCAS.INFO: EA36 .<= '' [] []
[2024-05-28T14:17:59.517271+08:00] phpCAS.INFO: EA36 .=> phpCAS::setCasServerCACert('C:/laragon/etc/ssl/ssl-bundle.crt') [LoginCas.php:64] [] []
[2024-05-28T14:17:59.517560+08:00] phpCAS.INFO: EA36 .|    => phpCAS::error('CAS_InvalidArgumentException: Certificate file does not exist CAS_Request_CurlRequest') [CAS.php:1689] [] []
[2024-05-28T14:17:59.517661+08:00] phpCAS.INFO: EA36 .|    |    CAS_InvalidArgumentException: Certificate file does not exist CAS_Request_CurlRequest in C:\xampp\htdocs\mou_moa\common\models\LoginCas.phpon line 64 [CAS.php:614] [] []
[2024-05-28T14:17:59.517704+08:00] phpCAS.INFO: EA36 .|    <= '' [] []
[2024-05-28T14:18:01.586635+08:00] phpCAS.INFO: 7BED .START (2024-05-28 14:18:01) phpCAS-1.6.1 ****************** [CAS.php:468] [] []
[2024-05-28T14:18:01.588754+08:00] phpCAS.INFO: 7BED .=> phpCAS::client('S1', 'cas.iium.edu.my', 8448, '/cas', 'http://myadmin.iium/') [LoginCas.php:63] [] []
[2024-05-28T14:18:01.589376+08:00] phpCAS.INFO: 7BED .|    => CAS_Client::__construct('S1', false, 'cas.iium.edu.my', 8448, '/cas', 'http://myadmin.iium/', true, CAS_Session_PhpSession) [CAS.php:369] [] []
[2024-05-28T14:18:01.589452+08:00] phpCAS.INFO: 7BED .|    |    Session is not authenticated [Client.php:982] [] []
[2024-05-28T14:18:01.589513+08:00] phpCAS.INFO: 7BED .|    <= '' [] []
[2024-05-28T14:18:01.589553+08:00] phpCAS.INFO: 7BED .<= '' [] []
[2024-05-28T14:18:01.589595+08:00] phpCAS.INFO: 7BED .=> phpCAS::setCasServerCACert('C:/laragon/etc/ssl/ssl-bundle.crt') [LoginCas.php:64] [] []
[2024-05-28T14:18:01.589884+08:00] phpCAS.INFO: 7BED .|    => phpCAS::error('CAS_InvalidArgumentException: Certificate file does not exist CAS_Request_CurlRequest') [CAS.php:1689] [] []
[2024-05-28T14:18:01.589940+08:00] phpCAS.INFO: 7BED .|    |    CAS_InvalidArgumentException: Certificate file does not exist CAS_Request_CurlRequest in C:\xampp\htdocs\mou_moa\common\models\LoginCas.phpon line 64 [CAS.php:614] [] []
[2024-05-28T14:18:01.589977+08:00] phpCAS.INFO: 7BED .|    <= '' [] []
[2024-05-28T14:18:02.235725+08:00] phpCAS.INFO: 2A3B .START (2024-05-28 14:18:02) phpCAS-1.6.1 ****************** [CAS.php:468] [] []
[2024-05-28T14:18:02.237625+08:00] phpCAS.INFO: 2A3B .=> phpCAS::client('S1', 'cas.iium.edu.my', 8448, '/cas', 'http://myadmin.iium/') [LoginCas.php:63] [] []
[2024-05-28T14:18:02.238199+08:00] phpCAS.INFO: 2A3B .|    => CAS_Client::__construct('S1', false, 'cas.iium.edu.my', 8448, '/cas', 'http://myadmin.iium/', true, CAS_Session_PhpSession) [CAS.php:369] [] []
[2024-05-28T14:18:02.238272+08:00] phpCAS.INFO: 2A3B .|    |    Session is not authenticated [Client.php:982] [] []
[2024-05-28T14:18:02.238328+08:00] phpCAS.INFO: 2A3B .|    <= '' [] []
[2024-05-28T14:18:02.238363+08:00] phpCAS.INFO: 2A3B .<= '' [] []
[2024-05-28T14:18:02.238401+08:00] phpCAS.INFO: 2A3B .=> phpCAS::setCasServerCACert('C:/laragon/etc/ssl/ssl-bundle.crt') [LoginCas.php:64] [] []
[2024-05-28T14:18:02.238650+08:00] phpCAS.INFO: 2A3B .|    => phpCAS::error('CAS_InvalidArgumentException: Certificate file does not exist CAS_Request_CurlRequest') [CAS.php:1689] [] []
[2024-05-28T14:18:02.238699+08:00] phpCAS.INFO: 2A3B .|    |    CAS_InvalidArgumentException: Certificate file does not exist CAS_Request_CurlRequest in C:\xampp\htdocs\mou_moa\common\models\LoginCas.phpon line 64 [CAS.php:614] [] []
[2024-05-28T14:18:02.238732+08:00] phpCAS.INFO: 2A3B .|    <= '' [] []
[2024-05-28T14:18:02.386846+08:00] phpCAS.INFO: E15B .START (2024-05-28 14:18:02) phpCAS-1.6.1 ****************** [CAS.php:468] [] []
[2024-05-28T14:18:02.388767+08:00] phpCAS.INFO: E15B .=> phpCAS::client('S1', 'cas.iium.edu.my', 8448, '/cas', 'http://myadmin.iium/') [LoginCas.php:63] [] []
[2024-05-28T14:18:02.389333+08:00] phpCAS.INFO: E15B .|    => CAS_Client::__construct('S1', false, 'cas.iium.edu.my', 8448, '/cas', 'http://myadmin.iium/', true, CAS_Session_PhpSession) [CAS.php:369] [] []
[2024-05-28T14:18:02.389402+08:00] phpCAS.INFO: E15B .|    |    Session is not authenticated [Client.php:982] [] []
[2024-05-28T14:18:02.389458+08:00] phpCAS.INFO: E15B .|    <= '' [] []
[2024-05-28T14:18:02.389494+08:00] phpCAS.INFO: E15B .<= '' [] []
[2024-05-28T14:18:02.389534+08:00] phpCAS.INFO: E15B .=> phpCAS::setCasServerCACert('C:/laragon/etc/ssl/ssl-bundle.crt') [LoginCas.php:64] [] []
[2024-05-28T14:18:02.389792+08:00] phpCAS.INFO: E15B .|    => phpCAS::error('CAS_InvalidArgumentException: Certificate file does not exist CAS_Request_CurlRequest') [CAS.php:1689] [] []
[2024-05-28T14:18:02.389892+08:00] phpCAS.INFO: E15B .|    |    CAS_InvalidArgumentException: Certificate file does not exist CAS_Request_CurlRequest in C:\xampp\htdocs\mou_moa\common\models\LoginCas.phpon line 64 [CAS.php:614] [] []
[2024-05-28T14:18:02.389935+08:00] phpCAS.INFO: E15B .|    <= '' [] []
[2024-05-28T14:18:02.538753+08:00] phpCAS.INFO: 2EA4 .START (2024-05-28 14:18:02) phpCAS-1.6.1 ****************** [CAS.php:468] [] []
[2024-05-28T14:18:02.540766+08:00] phpCAS.INFO: 2EA4 .=> phpCAS::client('S1', 'cas.iium.edu.my', 8448, '/cas', 'http://myadmin.iium/') [LoginCas.php:63] [] []
[2024-05-28T14:18:02.541371+08:00] phpCAS.INFO: 2EA4 .|    => CAS_Client::__construct('S1', false, 'cas.iium.edu.my', 8448, '/cas', 'http://myadmin.iium/', true, CAS_Session_PhpSession) [CAS.php:369] [] []
[2024-05-28T14:18:02.541444+08:00] phpCAS.INFO: 2EA4 .|    |    Session is not authenticated [Client.php:982] [] []
[2024-05-28T14:18:02.541503+08:00] phpCAS.INFO: 2EA4 .|    <= '' [] []
[2024-05-28T14:18:02.541541+08:00] phpCAS.INFO: 2EA4 .<= '' [] []
[2024-05-28T14:18:02.541581+08:00] phpCAS.INFO: 2EA4 .=> phpCAS::setCasServerCACert('C:/laragon/etc/ssl/ssl-bundle.crt') [LoginCas.php:64] [] []
[2024-05-28T14:18:02.541855+08:00] phpCAS.INFO: 2EA4 .|    => phpCAS::error('CAS_InvalidArgumentException: Certificate file does not exist CAS_Request_CurlRequest') [CAS.php:1689] [] []
[2024-05-28T14:18:02.541917+08:00] phpCAS.INFO: 2EA4 .|    |    CAS_InvalidArgumentException: Certificate file does not exist CAS_Request_CurlRequest in C:\xampp\htdocs\mou_moa\common\models\LoginCas.phpon line 64 [CAS.php:614] [] []
[2024-05-28T14:18:02.541954+08:00] phpCAS.INFO: 2EA4 .|    <= '' [] []
[2024-05-28T14:18:02.672677+08:00] phpCAS.INFO: D4BC .START (2024-05-28 14:18:02) phpCAS-1.6.1 ****************** [CAS.php:468] [] []
[2024-05-28T14:18:02.674397+08:00] phpCAS.INFO: D4BC .=> phpCAS::client('S1', 'cas.iium.edu.my', 8448, '/cas', 'http://myadmin.iium/') [LoginCas.php:63] [] []
[2024-05-28T14:18:02.674870+08:00] phpCAS.INFO: D4BC .|    => CAS_Client::__construct('S1', false, 'cas.iium.edu.my', 8448, '/cas', 'http://myadmin.iium/', true, CAS_Session_PhpSession) [CAS.php:369] [] []
[2024-05-28T14:18:02.674928+08:00] phpCAS.INFO: D4BC .|    |    Session is not authenticated [Client.php:982] [] []
[2024-05-28T14:18:02.674975+08:00] phpCAS.INFO: D4BC .|    <= '' [] []
[2024-05-28T14:18:02.675004+08:00] phpCAS.INFO: D4BC .<= '' [] []
[2024-05-28T14:18:02.675036+08:00] phpCAS.INFO: D4BC .=> phpCAS::setCasServerCACert('C:/laragon/etc/ssl/ssl-bundle.crt') [LoginCas.php:64] [] []
[2024-05-28T14:18:02.675249+08:00] phpCAS.INFO: D4BC .|    => phpCAS::error('CAS_InvalidArgumentException: Certificate file does not exist CAS_Request_CurlRequest') [CAS.php:1689] [] []
[2024-05-28T14:18:02.675290+08:00] phpCAS.INFO: D4BC .|    |    CAS_InvalidArgumentException: Certificate file does not exist CAS_Request_CurlRequest in C:\xampp\htdocs\mou_moa\common\models\LoginCas.phpon line 64 [CAS.php:614] [] []
[2024-05-28T14:18:02.675318+08:00] phpCAS.INFO: D4BC .|    <= '' [] []
[2024-05-28T14:18:10.532497+08:00] phpCAS.INFO: 4999 .START (2024-05-28 14:18:10) phpCAS-1.6.1 ****************** [CAS.php:468] [] []
[2024-05-28T14:18:10.534816+08:00] phpCAS.INFO: 4999 .=> phpCAS::client('S1', 'cas.iium.edu.my', 8448, '/cas', 'http://myadmin.iium/') [LoginCas.php:63] [] []
[2024-05-28T14:18:10.535741+08:00] phpCAS.INFO: 4999 .|    => CAS_Client::__construct('S1', false, 'cas.iium.edu.my', 8448, '/cas', 'http://myadmin.iium/', true, CAS_Session_PhpSession) [CAS.php:369] [] []
[2024-05-28T14:18:10.535814+08:00] phpCAS.INFO: 4999 .|    |    Session is not authenticated [Client.php:982] [] []
[2024-05-28T14:18:10.535872+08:00] phpCAS.INFO: 4999 .|    <= '' [] []
[2024-05-28T14:18:10.535908+08:00] phpCAS.INFO: 4999 .<= '' [] []
[2024-05-28T14:18:10.535947+08:00] phpCAS.INFO: 4999 .=> phpCAS::setCasServerCACert('C:/laragon/etc/ssl/ssl-bundle.crt') [LoginCas.php:64] [] []
[2024-05-28T14:18:10.536373+08:00] phpCAS.INFO: 4999 .|    => phpCAS::error('CAS_InvalidArgumentException: Certificate file does not exist CAS_Request_CurlRequest') [CAS.php:1689] [] []
[2024-05-28T14:18:10.536431+08:00] phpCAS.INFO: 4999 .|    |    CAS_InvalidArgumentException: Certificate file does not exist CAS_Request_CurlRequest in C:\xampp\htdocs\mou_moa\common\models\LoginCas.phpon line 64 [CAS.php:614] [] []
[2024-05-28T14:18:10.536467+08:00] phpCAS.INFO: 4999 .|    <= '' [] []
[2024-05-28T14:18:18.901092+08:00] phpCAS.INFO: 66B3 .START (2024-05-28 14:18:18) phpCAS-1.6.1 ****************** [CAS.php:468] [] []
[2024-05-28T14:18:18.902360+08:00] phpCAS.INFO: 66B3 .=> phpCAS::client('S1', 'cas.iium.edu.my', 8448, '/cas', 'http://myadmin.iium/') [LoginCas.php:63] [] []
[2024-05-28T14:18:18.902713+08:00] phpCAS.INFO: 66B3 .|    => CAS_Client::__construct('S1', false, 'cas.iium.edu.my', 8448, '/cas', 'http://myadmin.iium/', true, CAS_Session_PhpSession) [CAS.php:369] [] []
[2024-05-28T14:18:18.902757+08:00] phpCAS.INFO: 66B3 .|    |    Session is not authenticated [Client.php:982] [] []
[2024-05-28T14:18:18.902797+08:00] phpCAS.INFO: 66B3 .|    <= '' [] []
[2024-05-28T14:18:18.902820+08:00] phpCAS.INFO: 66B3 .<= '' [] []
[2024-05-28T14:18:18.902844+08:00] phpCAS.INFO: 66B3 .=> phpCAS::setCasServerCACert('C:/laragon/etc/ssl/ssl-bundle.crt') [LoginCas.php:64] [] []
[2024-05-28T14:18:18.903009+08:00] phpCAS.INFO: 66B3 .|    => phpCAS::error('CAS_InvalidArgumentException: Certificate file does not exist CAS_Request_CurlRequest') [CAS.php:1689] [] []
[2024-05-28T14:18:18.903044+08:00] phpCAS.INFO: 66B3 .|    |    CAS_InvalidArgumentException: Certificate file does not exist CAS_Request_CurlRequest in C:\xampp\htdocs\mou_moa\common\models\LoginCas.phpon line 64 [CAS.php:614] [] []
[2024-05-28T14:18:18.903065+08:00] phpCAS.INFO: 66B3 .|    <= '' [] []
[2024-05-28T14:18:32.956905+08:00] phpCAS.INFO: F803 .START (2024-05-28 14:18:32) phpCAS-1.6.1 ****************** [CAS.php:468] [] []
[2024-05-28T14:18:32.959583+08:00] phpCAS.INFO: F803 .=> phpCAS::client('S1', 'cas.iium.edu.my', 8448, '/cas', 'http://myadmin.iium/') [LoginCas.php:63] [] []
[2024-05-28T14:18:32.960596+08:00] phpCAS.INFO: F803 .|    => CAS_Client::__construct('S1', false, 'cas.iium.edu.my', 8448, '/cas', 'http://myadmin.iium/', true, CAS_Session_PhpSession) [CAS.php:369] [] []
[2024-05-28T14:18:32.960691+08:00] phpCAS.INFO: F803 .|    |    Session is not authenticated [Client.php:982] [] []
[2024-05-28T14:18:32.960755+08:00] phpCAS.INFO: F803 .|    <= '' [] []
[2024-05-28T14:18:32.960796+08:00] phpCAS.INFO: F803 .<= '' [] []
[2024-05-28T14:18:32.960840+08:00] phpCAS.INFO: F803 .=> phpCAS::setCasServerCACert('C:/laragon/etc/ssl/ssl-bundle.crt') [LoginCas.php:64] [] []
[2024-05-28T14:18:32.961258+08:00] phpCAS.INFO: F803 .|    => phpCAS::error('CAS_InvalidArgumentException: Certificate file does not exist CAS_Request_CurlRequest') [CAS.php:1689] [] []
[2024-05-28T14:18:32.961321+08:00] phpCAS.INFO: F803 .|    |    CAS_InvalidArgumentException: Certificate file does not exist CAS_Request_CurlRequest in C:\xampp\htdocs\mou_moa\common\models\LoginCas.phpon line 64 [CAS.php:614] [] []
[2024-05-28T14:18:32.961361+08:00] phpCAS.INFO: F803 .|    <= '' [] []
[2024-05-28T14:18:34.223067+08:00] phpCAS.INFO: 0981 .START (2024-05-28 14:18:34) phpCAS-1.6.1 ****************** [CAS.php:468] [] []
[2024-05-28T14:18:34.225296+08:00] phpCAS.INFO: 0981 .=> phpCAS::client('S1', 'cas.iium.edu.my', 8448, '/cas', 'http://myadmin.iium/') [LoginCas.php:63] [] []
[2024-05-28T14:18:34.225945+08:00] phpCAS.INFO: 0981 .|    => CAS_Client::__construct('S1', false, 'cas.iium.edu.my', 8448, '/cas', 'http://myadmin.iium/', true, CAS_Session_PhpSession) [CAS.php:369] [] []
[2024-05-28T14:18:34.226021+08:00] phpCAS.INFO: 0981 .|    |    Session is not authenticated [Client.php:982] [] []
[2024-05-28T14:18:34.226083+08:00] phpCAS.INFO: 0981 .|    <= '' [] []
[2024-05-28T14:18:34.226121+08:00] phpCAS.INFO: 0981 .<= '' [] []
[2024-05-28T14:18:34.226171+08:00] phpCAS.INFO: 0981 .=> phpCAS::setCasServerCACert('C:/laragon/etc/ssl/ssl-bundle.crt') [LoginCas.php:64] [] []
[2024-05-28T14:18:34.226513+08:00] phpCAS.INFO: 0981 .|    => phpCAS::error('CAS_InvalidArgumentException: Certificate file does not exist CAS_Request_CurlRequest') [CAS.php:1689] [] []
[2024-05-28T14:18:34.226572+08:00] phpCAS.INFO: 0981 .|    |    CAS_InvalidArgumentException: Certificate file does not exist CAS_Request_CurlRequest in C:\xampp\htdocs\mou_moa\common\models\LoginCas.phpon line 64 [CAS.php:614] [] []
[2024-05-28T14:18:34.226610+08:00] phpCAS.INFO: 0981 .|    <= '' [] []
[2024-05-28T14:18:34.777974+08:00] phpCAS.INFO: 2223 .START (2024-05-28 14:18:34) phpCAS-1.6.1 ****************** [CAS.php:468] [] []
[2024-05-28T14:18:34.780129+08:00] phpCAS.INFO: 2223 .=> phpCAS::client('S1', 'cas.iium.edu.my', 8448, '/cas', 'http://myadmin.iium/') [LoginCas.php:63] [] []
[2024-05-28T14:18:34.780846+08:00] phpCAS.INFO: 2223 .|    => CAS_Client::__construct('S1', false, 'cas.iium.edu.my', 8448, '/cas', 'http://myadmin.iium/', true, CAS_Session_PhpSession) [CAS.php:369] [] []
[2024-05-28T14:18:34.780935+08:00] phpCAS.INFO: 2223 .|    |    Session is not authenticated [Client.php:982] [] []
[2024-05-28T14:18:34.781000+08:00] phpCAS.INFO: 2223 .|    <= '' [] []
[2024-05-28T14:18:34.781041+08:00] phpCAS.INFO: 2223 .<= '' [] []
[2024-05-28T14:18:34.781083+08:00] phpCAS.INFO: 2223 .=> phpCAS::setCasServerCACert('C:/laragon/etc/ssl/ssl-bundle.crt') [LoginCas.php:64] [] []
[2024-05-28T14:18:34.781416+08:00] phpCAS.INFO: 2223 .|    => phpCAS::error('CAS_InvalidArgumentException: Certificate file does not exist CAS_Request_CurlRequest') [CAS.php:1689] [] []
[2024-05-28T14:18:34.781474+08:00] phpCAS.INFO: 2223 .|    |    CAS_InvalidArgumentException: Certificate file does not exist CAS_Request_CurlRequest in C:\xampp\htdocs\mou_moa\common\models\LoginCas.phpon line 64 [CAS.php:614] [] []
[2024-05-28T14:18:34.781512+08:00] phpCAS.INFO: 2223 .|    <= '' [] []
[2024-05-28T14:18:35.135573+08:00] phpCAS.INFO: 7F51 .START (2024-05-28 14:18:35) phpCAS-1.6.1 ****************** [CAS.php:468] [] []
[2024-05-28T14:18:35.137935+08:00] phpCAS.INFO: 7F51 .=> phpCAS::client('S1', 'cas.iium.edu.my', 8448, '/cas', 'http://myadmin.iium/') [LoginCas.php:63] [] []
[2024-05-28T14:18:35.138606+08:00] phpCAS.INFO: 7F51 .|    => CAS_Client::__construct('S1', false, 'cas.iium.edu.my', 8448, '/cas', 'http://myadmin.iium/', true, CAS_Session_PhpSession) [CAS.php:369] [] []
[2024-05-28T14:18:35.138687+08:00] phpCAS.INFO: 7F51 .|    |    Session is not authenticated [Client.php:982] [] []
[2024-05-28T14:18:35.138756+08:00] phpCAS.INFO: 7F51 .|    <= '' [] []
[2024-05-28T14:18:35.138800+08:00] phpCAS.INFO: 7F51 .<= '' [] []
[2024-05-28T14:18:35.138848+08:00] phpCAS.INFO: 7F51 .=> phpCAS::setCasServerCACert('C:/laragon/etc/ssl/ssl-bundle.crt') [LoginCas.php:64] [] []
[2024-05-28T14:18:35.139212+08:00] phpCAS.INFO: 7F51 .|    => phpCAS::error('CAS_InvalidArgumentException: Certificate file does not exist CAS_Request_CurlRequest') [CAS.php:1689] [] []
[2024-05-28T14:18:35.139275+08:00] phpCAS.INFO: 7F51 .|    |    CAS_InvalidArgumentException: Certificate file does not exist CAS_Request_CurlRequest in C:\xampp\htdocs\mou_moa\common\models\LoginCas.phpon line 64 [CAS.php:614] [] []
[2024-05-28T14:18:35.139318+08:00] phpCAS.INFO: 7F51 .|    <= '' [] []
[2024-05-28T14:18:35.316448+08:00] phpCAS.INFO: 4277 .START (2024-05-28 14:18:35) phpCAS-1.6.1 ****************** [CAS.php:468] [] []
[2024-05-28T14:18:35.319080+08:00] phpCAS.INFO: 4277 .=> phpCAS::client('S1', 'cas.iium.edu.my', 8448, '/cas', 'http://myadmin.iium/') [LoginCas.php:63] [] []
[2024-05-28T14:18:35.319934+08:00] phpCAS.INFO: 4277 .|    => CAS_Client::__construct('S1', false, 'cas.iium.edu.my', 8448, '/cas', 'http://myadmin.iium/', true, CAS_Session_PhpSession) [CAS.php:369] [] []
[2024-05-28T14:18:35.320042+08:00] phpCAS.INFO: 4277 .|    |    Session is not authenticated [Client.php:982] [] []
[2024-05-28T14:18:35.320132+08:00] phpCAS.INFO: 4277 .|    <= '' [] []
[2024-05-28T14:18:35.320194+08:00] phpCAS.INFO: 4277 .<= '' [] []
[2024-05-28T14:18:35.320333+08:00] phpCAS.INFO: 4277 .=> phpCAS::setCasServerCACert('C:/laragon/etc/ssl/ssl-bundle.crt') [LoginCas.php:64] [] []
[2024-05-28T14:18:35.320737+08:00] phpCAS.INFO: 4277 .|    => phpCAS::error('CAS_InvalidArgumentException: Certificate file does not exist CAS_Request_CurlRequest') [CAS.php:1689] [] []
[2024-05-28T14:18:35.320826+08:00] phpCAS.INFO: 4277 .|    |    CAS_InvalidArgumentException: Certificate file does not exist CAS_Request_CurlRequest in C:\xampp\htdocs\mou_moa\common\models\LoginCas.phpon line 64 [CAS.php:614] [] []
[2024-05-28T14:18:35.320900+08:00] phpCAS.INFO: 4277 .|    <= '' [] []
[2024-05-28T14:18:35.470780+08:00] phpCAS.INFO: 6A0F .START (2024-05-28 14:18:35) phpCAS-1.6.1 ****************** [CAS.php:468] [] []
[2024-05-28T14:18:35.472899+08:00] phpCAS.INFO: 6A0F .=> phpCAS::client('S1', 'cas.iium.edu.my', 8448, '/cas', 'http://myadmin.iium/') [LoginCas.php:63] [] []
[2024-05-28T14:18:35.473548+08:00] phpCAS.INFO: 6A0F .|    => CAS_Client::__construct('S1', false, 'cas.iium.edu.my', 8448, '/cas', 'http://myadmin.iium/', true, CAS_Session_PhpSession) [CAS.php:369] [] []
[2024-05-28T14:18:35.473639+08:00] phpCAS.INFO: 6A0F .|    |    Session is not authenticated [Client.php:982] [] []
[2024-05-28T14:18:35.473718+08:00] phpCAS.INFO: 6A0F .|    <= '' [] []
[2024-05-28T14:18:35.473762+08:00] phpCAS.INFO: 6A0F .<= '' [] []
[2024-05-28T14:18:35.473808+08:00] phpCAS.INFO: 6A0F .=> phpCAS::setCasServerCACert('C:/laragon/etc/ssl/ssl-bundle.crt') [LoginCas.php:64] [] []
[2024-05-28T14:18:35.474131+08:00] phpCAS.INFO: 6A0F .|    => phpCAS::error('CAS_InvalidArgumentException: Certificate file does not exist CAS_Request_CurlRequest') [CAS.php:1689] [] []
[2024-05-28T14:18:35.474190+08:00] phpCAS.INFO: 6A0F .|    |    CAS_InvalidArgumentException: Certificate file does not exist CAS_Request_CurlRequest in C:\xampp\htdocs\mou_moa\common\models\LoginCas.phpon line 64 [CAS.php:614] [] []
[2024-05-28T14:18:35.474230+08:00] phpCAS.INFO: 6A0F .|    <= '' [] []
[2024-05-28T14:18:39.202083+08:00] phpCAS.INFO: 82E4 .START (2024-05-28 14:18:39) phpCAS-1.6.1 ****************** [CAS.php:468] [] []
[2024-05-28T14:18:39.204156+08:00] phpCAS.INFO: 82E4 .=> phpCAS::client('S1', 'cas.iium.edu.my', 8448, '/cas', 'http://myadmin.iium/') [LoginCas.php:63] [] []
[2024-05-28T14:18:39.204767+08:00] phpCAS.INFO: 82E4 .|    => CAS_Client::__construct('S1', false, 'cas.iium.edu.my', 8448, '/cas', 'http://myadmin.iium/', true, CAS_Session_PhpSession) [CAS.php:369] [] []
[2024-05-28T14:18:39.204860+08:00] phpCAS.INFO: 82E4 .|    |    Session is not authenticated [Client.php:982] [] []
[2024-05-28T14:18:39.204922+08:00] phpCAS.INFO: 82E4 .|    <= '' [] []
[2024-05-28T14:18:39.204960+08:00] phpCAS.INFO: 82E4 .<= '' [] []
[2024-05-28T14:18:39.205000+08:00] phpCAS.INFO: 82E4 .=> phpCAS::setCasServerCACert('C:/laragon/etc/ssl/ssl-bundle.crt') [LoginCas.php:64] [] []
[2024-05-28T14:18:39.205269+08:00] phpCAS.INFO: 82E4 .|    => phpCAS::error('CAS_InvalidArgumentException: Certificate file does not exist CAS_Request_CurlRequest') [CAS.php:1689] [] []
[2024-05-28T14:18:39.205326+08:00] phpCAS.INFO: 82E4 .|    |    CAS_InvalidArgumentException: Certificate file does not exist CAS_Request_CurlRequest in C:\xampp\htdocs\mou_moa\common\models\LoginCas.phpon line 64 [CAS.php:614] [] []
[2024-05-28T14:18:39.205361+08:00] phpCAS.INFO: 82E4 .|    <= '' [] []
[2024-05-28T14:20:24.714203+08:00] phpCAS.INFO: C69E .START (2024-05-28 14:20:24) phpCAS-1.6.1 ****************** [CAS.php:468] [] []
[2024-05-28T14:20:24.717135+08:00] phpCAS.INFO: C69E .=> phpCAS::client('S1', 'cas.iium.edu.my', 8448, '/cas', 'http://myadmin.iium/') [LoginCas.php:63] [] []
[2024-05-28T14:20:24.718155+08:00] phpCAS.INFO: C69E .|    => CAS_Client::__construct('S1', false, 'cas.iium.edu.my', 8448, '/cas', 'http://myadmin.iium/', true, CAS_Session_PhpSession) [CAS.php:369] [] []
[2024-05-28T14:20:24.718230+08:00] phpCAS.INFO: C69E .|    |    Session is not authenticated [Client.php:982] [] []
[2024-05-28T14:20:24.718304+08:00] phpCAS.INFO: C69E .|    <= '' [] []
[2024-05-28T14:20:24.718399+08:00] phpCAS.INFO: C69E .<= '' [] []
[2024-05-28T14:20:24.718450+08:00] phpCAS.INFO: C69E .=> phpCAS::setCasServerCACert('C:/laragon/etc/ssl/ssl-bundle.crt') [LoginCas.php:64] [] []
[2024-05-28T14:20:24.718867+08:00] phpCAS.INFO: C69E .|    => phpCAS::error('CAS_InvalidArgumentException: Certificate file does not exist CAS_Request_CurlRequest') [CAS.php:1689] [] []
[2024-05-28T14:20:24.718926+08:00] phpCAS.INFO: C69E .|    |    CAS_InvalidArgumentException: Certificate file does not exist CAS_Request_CurlRequest in C:\xampp\htdocs\mou_moa\common\models\LoginCas.phpon line 64 [CAS.php:614] [] []
[2024-05-28T14:20:24.718972+08:00] phpCAS.INFO: C69E .|    <= '' [] []
[2024-05-28T14:20:25.057946+08:00] phpCAS.INFO: 8EF7 .START (2024-05-28 14:20:25) phpCAS-1.6.1 ****************** [CAS.php:468] [] []
[2024-05-28T14:20:25.060402+08:00] phpCAS.INFO: 8EF7 .=> phpCAS::client('S1', 'cas.iium.edu.my', 8448, '/cas', 'http://myadmin.iium/') [LoginCas.php:63] [] []
[2024-05-28T14:20:25.061369+08:00] phpCAS.INFO: 8EF7 .|    => CAS_Client::__construct('S1', false, 'cas.iium.edu.my', 8448, '/cas', 'http://myadmin.iium/', true, CAS_Session_PhpSession) [CAS.php:369] [] []
[2024-05-28T14:20:25.061450+08:00] phpCAS.INFO: 8EF7 .|    |    Session is not authenticated [Client.php:982] [] []
[2024-05-28T14:20:25.061508+08:00] phpCAS.INFO: 8EF7 .|    <= '' [] []
[2024-05-28T14:20:25.061546+08:00] phpCAS.INFO: 8EF7 .<= '' [] []
[2024-05-28T14:20:25.061587+08:00] phpCAS.INFO: 8EF7 .=> phpCAS::setCasServerCACert('C:/laragon/etc/ssl/ssl-bundle.crt') [LoginCas.php:64] [] []
[2024-05-28T14:20:25.061991+08:00] phpCAS.INFO: 8EF7 .|    => phpCAS::error('CAS_InvalidArgumentException: Certificate file does not exist CAS_Request_CurlRequest') [CAS.php:1689] [] []
[2024-05-28T14:20:25.062047+08:00] phpCAS.INFO: 8EF7 .|    |    CAS_InvalidArgumentException: Certificate file does not exist CAS_Request_CurlRequest in C:\xampp\htdocs\mou_moa\common\models\LoginCas.phpon line 64 [CAS.php:614] [] []
[2024-05-28T14:20:25.062085+08:00] phpCAS.INFO: 8EF7 .|    <= '' [] []
[2024-05-28T14:20:25.517473+08:00] phpCAS.INFO: 2D47 .START (2024-05-28 14:20:25) phpCAS-1.6.1 ****************** [CAS.php:468] [] []
[2024-05-28T14:20:25.519546+08:00] phpCAS.INFO: 2D47 .=> phpCAS::client('S1', 'cas.iium.edu.my', 8448, '/cas', 'http://myadmin.iium/') [LoginCas.php:63] [] []
[2024-05-28T14:20:25.520139+08:00] phpCAS.INFO: 2D47 .|    => CAS_Client::__construct('S1', false, 'cas.iium.edu.my', 8448, '/cas', 'http://myadmin.iium/', true, CAS_Session_PhpSession) [CAS.php:369] [] []
[2024-05-28T14:20:25.520218+08:00] phpCAS.INFO: 2D47 .|    |    Session is not authenticated [Client.php:982] [] []
[2024-05-28T14:20:25.520277+08:00] phpCAS.INFO: 2D47 .|    <= '' [] []
[2024-05-28T14:20:25.520317+08:00] phpCAS.INFO: 2D47 .<= '' [] []
[2024-05-28T14:20:25.520359+08:00] phpCAS.INFO: 2D47 .=> phpCAS::setCasServerCACert('C:/laragon/etc/ssl/ssl-bundle.crt') [LoginCas.php:64] [] []
[2024-05-28T14:20:25.520647+08:00] phpCAS.INFO: 2D47 .|    => phpCAS::error('CAS_InvalidArgumentException: Certificate file does not exist CAS_Request_CurlRequest') [CAS.php:1689] [] []
[2024-05-28T14:20:25.520702+08:00] phpCAS.INFO: 2D47 .|    |    CAS_InvalidArgumentException: Certificate file does not exist CAS_Request_CurlRequest in C:\xampp\htdocs\mou_moa\common\models\LoginCas.phpon line 64 [CAS.php:614] [] []
[2024-05-28T14:20:25.520740+08:00] phpCAS.INFO: 2D47 .|    <= '' [] []
[2024-05-28T14:20:41.286108+08:00] phpCAS.INFO: DF80 .START (2024-05-28 14:20:41) phpCAS-1.6.1 ****************** [CAS.php:468] [] []
[2024-05-28T14:20:41.287823+08:00] phpCAS.INFO: DF80 .=> phpCAS::client('S1', 'cas.iium.edu.my', 8448, '/cas', 'http://myadmin.iium/') [LoginCas.php:63] [] []
[2024-05-28T14:20:41.288480+08:00] phpCAS.INFO: DF80 .|    => CAS_Client::__construct('S1', false, 'cas.iium.edu.my', 8448, '/cas', 'http://myadmin.iium/', true, CAS_Session_PhpSession) [CAS.php:369] [] []
[2024-05-28T14:20:41.288530+08:00] phpCAS.INFO: DF80 .|    |    Session is not authenticated [Client.php:982] [] []
[2024-05-28T14:20:41.288630+08:00] phpCAS.INFO: DF80 .|    <= '' [] []
[2024-05-28T14:20:41.288663+08:00] phpCAS.INFO: DF80 .<= '' [] []
[2024-05-28T14:20:41.288695+08:00] phpCAS.INFO: DF80 .=> phpCAS::setCasServerCACert('C:/laragon/etc/ssl/ssl-bundle.crt') [LoginCas.php:64] [] []
[2024-05-28T14:20:41.288984+08:00] phpCAS.INFO: DF80 .|    => phpCAS::error('CAS_InvalidArgumentException: Certificate file does not exist CAS_Request_CurlRequest') [CAS.php:1689] [] []
[2024-05-28T14:20:41.289023+08:00] phpCAS.INFO: DF80 .|    |    CAS_InvalidArgumentException: Certificate file does not exist CAS_Request_CurlRequest in C:\xampp\htdocs\mou_moa\common\models\LoginCas.phpon line 64 [CAS.php:614] [] []
[2024-05-28T14:20:41.289050+08:00] phpCAS.INFO: DF80 .|    <= '' [] []
[2024-05-28T14:21:50.763039+08:00] phpCAS.INFO: 6366 .START (2024-05-28 14:21:50) phpCAS-1.6.1 ****************** [CAS.php:468] [] []
[2024-05-28T14:21:50.765366+08:00] phpCAS.INFO: 6366 .=> phpCAS::client('S1', 'cas.iium.edu.my', 8448, '/cas', 'http://myadmin.iium/') [LoginCas.php:63] [] []
[2024-05-28T14:21:50.766018+08:00] phpCAS.INFO: 6366 .|    => CAS_Client::__construct('S1', false, 'cas.iium.edu.my', 8448, '/cas', 'http://myadmin.iium/', true, CAS_Session_PhpSession) [CAS.php:369] [] []
[2024-05-28T14:21:50.766092+08:00] phpCAS.INFO: 6366 .|    |    Session is not authenticated [Client.php:982] [] []
[2024-05-28T14:21:50.766152+08:00] phpCAS.INFO: 6366 .|    <= '' [] []
[2024-05-28T14:21:50.766191+08:00] phpCAS.INFO: 6366 .<= '' [] []
[2024-05-28T14:21:50.766234+08:00] phpCAS.INFO: 6366 .=> phpCAS::setCasServerCACert('C:/laragon/etc/ssl/ssl-bundle.crt') [LoginCas.php:64] [] []
[2024-05-28T14:21:50.766664+08:00] phpCAS.INFO: 6366 .|    => phpCAS::error('CAS_InvalidArgumentException: Certificate file does not exist CAS_Request_CurlRequest') [CAS.php:1689] [] []
[2024-05-28T14:21:50.766739+08:00] phpCAS.INFO: 6366 .|    |    CAS_InvalidArgumentException: Certificate file does not exist CAS_Request_CurlRequest in C:\xampp\htdocs\mou_moa\common\models\LoginCas.phpon line 64 [CAS.php:614] [] []
[2024-05-28T14:21:50.766785+08:00] phpCAS.INFO: 6366 .|    <= '' [] []
[2024-05-28T14:22:15.773917+08:00] phpCAS.INFO: 0184 .START (2024-05-28 14:22:15) phpCAS-1.6.1 ****************** [CAS.php:468] [] []
